  Bullet.cpp
  Main.cpp
c:\users\aland\documents\faia\space_invaders\space_invaders\main.cpp(14): warning C4244: 'argument': conversion from 'const T' to 'unsigned int', possible loss of data
          with
          [
              T=float
          ]
c:\users\aland\documents\faia\space_invaders\space_invaders\main.cpp(28): warning C4244: 'argument': conversion from '_Rep' to 'float', possible loss of data
          with
          [
              _Rep=double
          ]
c:\users\aland\documents\faia\space_invaders\space_invaders\main.cpp(33): warning C4018: '<': signed/unsigned mismatch
c:\users\aland\documents\faia\space_invaders\space_invaders\main.cpp(35): warning C4244: 'argument': conversion from '_Rep' to 'float', possible loss of data
          with
          [
              _Rep=double
          ]
  Player.cpp
  Generating Code...
  Space_Invaders.vcxproj -> C:\Users\aland\Documents\Faia\Space_Invaders\Debug\Space_Invaders.exe
